Determining if the pthread_create exist failed with the following output:
Change Dir: /home/nexus/interiit-ws/build/darknet_ros/CMakeFiles/CMakeTmp

Run Build Command:"/usr/bin/make" "cmTC_e01b9/fast"
/usr/bin/make -f CMakeFiles/cmTC_e01b9.dir/build.make CMakeFiles/cmTC_e01b9.dir/build
make[1]: Entering directory '/home/nexus/interiit-ws/build/darknet_ros/CMakeFiles/CMakeTmp'
Building C object CMakeFiles/cmTC_e01b9.dir/CheckSymbolExists.c.o
/usr/bin/gcc-6   -Wall -Wno-unused-result -Wno-unknown-pragmas -Wno-unused-variable -Wfatal-errors -fPIC     -o CMakeFiles/cmTC_e01b9.dir/CheckSymbolExists.c.o   -c /home/nexus/interiit-ws/build/darknet_ros/CMakeFiles/CMakeTmp/CheckSymbolExists.c
Linking C executable cmTC_e01b9
/usr/bin/cmake -E cmake_link_script CMakeFiles/cmTC_e01b9.dir/link.txt --verbose=1
/usr/bin/gcc-6 -Wall -Wno-unused-result -Wno-unknown-pragmas -Wno-unused-variable -Wfatal-errors -fPIC      CMakeFiles/cmTC_e01b9.dir/CheckSymbolExists.c.o  -o cmTC_e01b9 
CMakeFiles/cmTC_e01b9.dir/CheckSymbolExists.c.o: In function `main':
CheckSymbolExists.c:(.text+0x1b): undefined reference to `pthread_create'
collect2: error: ld returned 1 exit status
CMakeFiles/cmTC_e01b9.dir/build.make:97: recipe for target 'cmTC_e01b9' failed
make[1]: *** [cmTC_e01b9] Error 1
make[1]: Leaving directory '/home/nexus/interiit-ws/build/darknet_ros/CMakeFiles/CMakeTmp'
Makefile:126: recipe for target 'cmTC_e01b9/fast' failed
make: *** [cmTC_e01b9/fast] Error 2

File /home/nexus/interiit-ws/build/darknet_ros/CMakeFiles/CMakeTmp/CheckSymbolExists.c:
/* */
#include <pthread.h>

int main(int argc, char** argv)
{
  (void)argv;
#ifndef pthread_create
  return ((int*)(&pthread_create))[argc];
#else
  (void)argc;
  return 0;
#endif
}

Determining if the function pthread_create exists in the pthreads failed with the following output:
Change Dir: /home/nexus/interiit-ws/build/darknet_ros/CMakeFiles/CMakeTmp

Run Build Command:"/usr/bin/make" "cmTC_13e39/fast"
/usr/bin/make -f CMakeFiles/cmTC_13e39.dir/build.make CMakeFiles/cmTC_13e39.dir/build
make[1]: Entering directory '/home/nexus/interiit-ws/build/darknet_ros/CMakeFiles/CMakeTmp'
Building C object CMakeFiles/cmTC_13e39.dir/CheckFunctionExists.c.o
/usr/bin/gcc-6   -Wall -Wno-unused-result -Wno-unknown-pragmas -Wno-unused-variable -Wfatal-errors -fPIC  -DCHECK_FUNCTION_EXISTS=pthread_create   -o CMakeFiles/cmTC_13e39.dir/CheckFunctionExists.c.o   -c /usr/share/cmake-3.10/Modules/CheckFunctionExists.c
Linking C executable cmTC_13e39
/usr/bin/cmake -E cmake_link_script CMakeFiles/cmTC_13e39.dir/link.txt --verbose=1
/usr/bin/gcc-6 -Wall -Wno-unused-result -Wno-unknown-pragmas -Wno-unused-variable -Wfatal-errors -fPIC  -DCHECK_FUNCTION_EXISTS=pthread_create    CMakeFiles/cmTC_13e39.dir/CheckFunctionExists.c.o  -o cmTC_13e39 -lpthreads 
/usr/bin/x86_64-linux-gnu-ld: cannot find -lpthreads
collect2: error: ld returned 1 exit status
CMakeFiles/cmTC_13e39.dir/build.make:97: recipe for target 'cmTC_13e39' failed
make[1]: *** [cmTC_13e39] Error 1
make[1]: Leaving directory '/home/nexus/interiit-ws/build/darknet_ros/CMakeFiles/CMakeTmp'
Makefile:126: recipe for target 'cmTC_13e39/fast' failed
make: *** [cmTC_13e39/fast] Error 2


